<?xml version="1.0" encoding="UTF-8"?>
<testng-results ignored="0" total="1" passed="1" failed="0" skipped="0">
  <reporter-output>
  </reporter-output>
  <suite started-at="2022-04-21T23:53:07 GMT-07:00" name="Default suite" finished-at="2022-04-21T23:54:47 GMT-07:00" duration-ms="100413">
    <groups>
    </groups>
    <test started-at="2022-04-21T23:53:07 GMT-07:00" name="Default test" finished-at="2022-04-21T23:54:47 GMT-07:00" duration-ms="100413">
      <class name="Test_layer.Testclasss">
        <test-method is-config="true" signature="setup()[pri:0, instance:Test_layer.Testclasss@5049d8b2]" started-at="2022-04-21T23:53:07 GMT-07:00" name="setup" finished-at="2022-04-21T23:54:08 GMT-07:00" duration-ms="61696" status="PASS">
          <reporter-output>
          </reporter-output>
        </test-method> <!-- setup -->
        <test-method signature="Testclasss(java.lang.String,java.lang.String)[pri:0, instance:Test_layer.Testclasss@5049d8b2]" started-at="2022-04-21T23:54:08 GMT-07:00" name="Testclasss" data-provider="Credentials1" finished-at="2022-04-21T23:54:47 GMT-07:00" duration-ms="38625" status="PASS">
          <params>
            <param index="0">
              <value>
                <![CDATA[fiit2022@test.com]]>
              </value>
            </param>
            <param index="1">
              <value>
                <![CDATA[admin123]]>
              </value>
            </param>
          </params>
          <reporter-output>
          </reporter-output>
        </test-method> <!-- Testclasss -->
      </class> <!-- Test_layer.Testclasss -->
    </test> <!-- Default test -->
  </suite> <!-- Default suite -->
</testng-results>
